\BOOKMARK [0][-]{section*.3}{Contents}{}% 1
\BOOKMARK [0][-]{section*.4}{List of Figures}{}% 2
\BOOKMARK [0][-]{section*.5}{List of Tables}{}% 3
\BOOKMARK [0][-]{section*.5}{Abstract}{}% 4
\BOOKMARK [0][-]{chapter.1}{Introduction}{}% 5
\BOOKMARK [1][-]{section.1.1}{}{chapter.1}% 6
\BOOKMARK [1][-]{section.1.2}{}{chapter.1}% 7
\BOOKMARK [1][-]{section.1.3}{}{chapter.1}% 8
\BOOKMARK [0][-]{chapter.2}{}{}% 9
\BOOKMARK [1][-]{section.2.1}{Introduction}{chapter.2}% 10
\BOOKMARK [1][-]{section.2.2}{Title 2}{chapter.2}% 11
\BOOKMARK [0][-]{chapter.3}{}{}% 12
\BOOKMARK [1][-]{section.3.1}{Introduction}{chapter.3}% 13
\BOOKMARK [1][-]{section.3.2}{}{chapter.3}% 14
\BOOKMARK [0][-]{chapter.4}{}{}% 15
\BOOKMARK [1][-]{section.4.1}{Introduction}{chapter.4}% 16
\BOOKMARK [0][-]{chapter.5}{}{}% 17
\BOOKMARK [1][-]{section.5.1}{Introduction}{chapter.5}% 18
\BOOKMARK [1][-]{section.5.2}{ }{chapter.5}% 19
\BOOKMARK [0][-]{chapter.6}{}{}% 20
\BOOKMARK [1][-]{section.6.1}{Introduction}{chapter.6}% 21
\BOOKMARK [0][-]{chapter.7}{Conclusions and future work}{}% 22
\BOOKMARK [0][-]{section*.10}{Bibliography}{}% 23
